<?xml version="1.0" encoding="UTF-8"?>
<!-- Generated by org.testng.reporters.JUnitReportReporter -->
<testsuite hostname="DESKTOP-GAOTPGE" failures="0" tests="10" name="com.liveguru.login.Level_03_Register_Login_Page_Object" time="39.634" errors="0" timestamp="24 Mar 2021 15:19:42 GMT" skipped="0">
  <testcase classname="com.liveguru.login.Level_03_Register_Login_Page_Object" name="Login_02_Invalid_Email" time="5.277"/>
  <testcase classname="com.liveguru.login.Level_03_Register_Login_Page_Object" name="Login_03_Invalid_Password" time="5.317"/>
  <testcase classname="com.liveguru.login.Level_03_Register_Login_Page_Object" name="Login_06_Valid_Email_And_Password" time="3.073"/>
  <testcase classname="com.liveguru.login.Level_03_Register_Login_Page_Object" name="Login_02_Invalid_Email" time="1.480"/>
  <testcase classname="com.liveguru.login.Level_03_Register_Login_Page_Object" name="Login_03_Invalid_Password" time="1.484"/>
  <testcase classname="com.liveguru.login.Level_03_Register_Login_Page_Object" name="Login_05_Incorrect_Password" time="2.977"/>
  <testcase classname="com.liveguru.login.Level_03_Register_Login_Page_Object" name="Login_05_Incorrect_Password" time="6.610"/>
  <testcase classname="com.liveguru.login.Level_03_Register_Login_Page_Object" name="Login_06_Valid_Email_And_Password" time="8.034"/>
  <testcase classname="com.liveguru.login.Level_03_Register_Login_Page_Object" name="Login_01_Empty_Email_And_Password" time="2.926"/>
  <testcase classname="com.liveguru.login.Level_03_Register_Login_Page_Object" name="Login_01_Empty_Email_And_Password" time="2.456"/>
</testsuite> <!-- com.liveguru.login.Level_03_Register_Login_Page_Object -->
