<?xml version="1.0" encoding="UTF-8"?>
<!-- Generated by org.testng.reporters.JUnitReportReporter -->
<testsuite hostname="DESKTOP-GAOTPGE" failures="0" tests="2" name="com.nopcommerce.login.Level_03_Register_Login_Page_Object" time="9.035" errors="0" timestamp="25 Mar 2021 07:54:30 GMT" skipped="0">
  <testcase classname="com.nopcommerce.login.Level_03_Register_Login_Page_Object" name="Login_02_Login_To_System" time="1.754"/>
  <testcase classname="com.nopcommerce.login.Level_03_Register_Login_Page_Object" name="Login_01_Register_To_System" time="7.281"/>
</testsuite> <!-- com.nopcommerce.login.Level_03_Register_Login_Page_Object -->
