<?xml version="1.0" encoding="UTF-8"?>
<!-- Generated by org.testng.reporters.JUnitReportReporter -->
<testsuite hostname="DESKTOP-GAOTPGE" failures="0" tests="4" name="com.bankguru.user.User_01_New_Customer" time="0.023" errors="0" timestamp="20 Feb 2021 14:04:49 GMT" skipped="0">
  <testcase classname="com.bankguru.user.User_01_New_Customer" name="New_Customer_02_Validate_Phone" time="0.001"/>
  <testcase classname="com.bankguru.user.User_01_New_Customer" name="New_Customer_03_Validate_City" time="0.008"/>
  <testcase classname="com.bankguru.user.User_01_New_Customer" name="New_Customer_01_Validate_Name" time="0.011"/>
  <testcase classname="com.bankguru.user.User_01_New_Customer" name="New_Customer_04_Validate_State" time="0.003"/>
</testsuite> <!-- com.bankguru.user.User_01_New_Customer -->
